# JRE version: OpenJDK Runtime Environment Temurin-21.0.8+9 (21.0.8+9) (build 21.0.8+9-LTS)
# Java VM: OpenJDK 64-Bit Server VM Temurin-21.0.8+9 (21.0.8+9-LTS, mixed mode, sharing, tiered, compressed oops, compressed class ptrs, g1 gc, windows-amd64)
GC Precious Log:
 CardTable entry size: 512
 Card Set container configuration: InlinePtr #cards 5 size 8 Array Of Cards #cards 12 size 40 Howl #buckets 4 coarsen threshold 1843 Howl Bitmap #cards 512 size 80 coarsen threshold 460 Card regions per heap region 1 cards per card region 2048
 CPUs: 8 total, 8 available
 Memory: 8029M
 Large Page Support: Disabled
 NUMA Support: Disabled
 Compressed Oops: Enabled (32-bit)
 Heap Region Size: 1M
 Heap Min Capacity: 8M
 Heap Initial Capacity: 126M
 Heap Max Capacity: 2008M
 Pre-touch: Disabled
 Parallel Workers: 8
 Concurrent Workers: 2
 Concurrent Refinement Workers: 8
 Periodic GC: Disabled
Heap:
 garbage-first heap   total 149504K, used 64333K [0x0000000082800000, 0x0000000100000000)
  region size 1024K, 13 young (13312K), 5 survivors (5120K)
 Metaspace       used 97730K, committed 99072K, reserved 1179648K
  class space    used 12503K, committed 13120K, reserved 1048576K
GC Heap History (20 events):
Event: 9.408 GC heap before
{Heap before GC invocations=23 (full 0):
 garbage-first heap   total 74752K, used 64718K [0x0000000082800000, 0x0000000100000000)
  region size 1024K, 15 young (15360K), 3 survivors (3072K)
 Metaspace       used 70489K, committed 71168K, reserved 1114112K
  class space    used 9715K, committed 10048K, reserved 1048576K
}
Event: 9.413 GC heap after
{Heap after GC invocations=24 (full 0):
 garbage-first heap   total 149504K, used 56320K [0x0000000082800000, 0x0000000100000000)
  region size 1024K, 2 young (2048K), 2 survivors (2048K)
 Metaspace       used 70489K, committed 71168K, reserved 1114112K
  class space    used 9715K, committed 10048K, reserved 1048576K
}
Event: 9.681 GC heap before
{Heap before GC invocations=25 (full 0):
 garbage-first heap   total 149504K, used 125952K [0x0000000082800000, 0x0000000100000000)
  region size 1024K, 71 young (72704K), 2 survivors (2048K)
 Metaspace       used 70772K, committed 71488K, reserved 1114112K
  class space    used 9735K, committed 10048K, reserved 1048576K
}
Event: 9.687 GC heap after
{Heap after GC invocations=26 (full 0):
 garbage-first heap   total 149504K, used 62454K [0x0000000082800000, 0x0000000100000000)
  region size 1024K, 9 young (9216K), 9 survivors (9216K)
 Metaspace       used 70772K, committed 71488K, reserved 1114112K
  class space    used 9735K, committed 10048K, reserved 1048576K
}
Event: 9.841 GC heap before
{Heap before GC invocations=26 (full 0):
 garbage-first heap   total 149504K, used 123894K [0x0000000082800000, 0x0000000100000000)
  region size 1024K, 69 young (70656K), 9 survivors (9216K)
 Metaspace       used 71313K, committed 72000K, reserved 1114112K
  class space    used 9840K, committed 10176K, reserved 1048576K
}
Event: 9.847 GC heap after
{Heap after GC invocations=27 (full 0):
 garbage-first heap   total 149504K, used 63142K [0x0000000082800000, 0x0000000100000000)
  region size 1024K, 3 young (3072K), 3 survivors (3072K)
 Metaspace       used 71313K, committed 72000K, reserved 1114112K
  class space    used 9840K, committed 10176K, reserved 1048576K
}
Event: 10.151 GC heap before
{Heap before GC invocations=27 (full 0):
 garbage-first heap   total 149504K, used 125606K [0x0000000082800000, 0x0000000100000000)
  region size 1024K, 64 young (65536K), 3 survivors (3072K)
 Metaspace       used 72327K, committed 72960K, reserved 1114112K
  class space    used 9956K, committed 10240K, reserved 1048576K
}
Event: 10.153 GC heap after
{Heap after GC invocations=28 (full 0):
 garbage-first heap   total 149504K, used 63940K [0x0000000082800000, 0x0000000100000000)
  region size 1024K, 4 young (4096K), 4 survivors (4096K)
 Metaspace       used 72327K, committed 72960K, reserved 1114112K
  class space    used 9956K, committed 10240K, reserved 1048576K
}
Event: 10.850 GC heap before
{Heap before GC invocations=29 (full 0):
 garbage-first heap   total 149504K, used 126404K [0x0000000082800000, 0x0000000100000000)
  region size 1024K, 68 young (69632K), 4 survivors (4096K)
 Metaspace       used 77630K, committed 78336K, reserved 1179648K
  class space    used 10380K, committed 10688K, reserved 1048576K
}
Event: 10.856 GC heap after
{Heap after GC invocations=30 (full 0):
 garbage-first heap   total 149504K, used 64472K [0x0000000082800000, 0x0000000100000000)
  region size 1024K, 7 young (7168K), 7 survivors (7168K)
 Metaspace       used 77630K, committed 78336K, reserved 1179648K
  class space    used 10380K, committed 10688K, reserved 1048576K
}
Event: 36.340 GC heap before
{Heap before GC invocations=30 (full 0):
 garbage-first heap   total 149504K, used 131032K [0x0000000082800000, 0x0000000100000000)
  region size 1024K, 72 young (73728K), 7 survivors (7168K)
 Metaspace       used 88669K, committed 89472K, reserved 1179648K
  class space    used 11947K, committed 12288K, reserved 1048576K
}
Event: 36.354 GC heap after
{Heap after GC invocations=31 (full 0):
 garbage-first heap   total 149504K, used 58626K [0x0000000082800000, 0x0000000100000000)
  region size 1024K, 9 young (9216K), 9 survivors (9216K)
 Metaspace       used 88669K, committed 89472K, reserved 1179648K
  class space    used 11947K, committed 12288K, reserved 1048576K
}
Event: 8156.309 GC heap before
{Heap before GC invocations=31 (full 0):
 garbage-first heap   total 149504K, used 127234K [0x0000000082800000, 0x0000000100000000)
  region size 1024K, 77 young (78848K), 9 survivors (9216K)
 Metaspace       used 94020K, committed 95104K, reserved 1179648K
  class space    used 12397K, committed 12864K, reserved 1048576K
}
Event: 8156.401 GC heap after
{Heap after GC invocations=32 (full 0):
 garbage-first heap   total 149504K, used 63125K [0x0000000082800000, 0x0000000100000000)
  region size 1024K, 4 young (4096K), 4 survivors (4096K)
 Metaspace       used 94020K, committed 95104K, reserved 1179648K
  class space    used 12397K, committed 12864K, reserved 1048576K
}
Event: 8598.473 GC heap before
{Heap before GC invocations=33 (full 0):
 garbage-first heap   total 149504K, used 130709K [0x0000000082800000, 0x0000000100000000)
  region size 1024K, 71 young (72704K), 4 survivors (4096K)
 Metaspace       used 95646K, committed 96576K, reserved 1179648K
  class space    used 12399K, committed 12864K, reserved 1048576K
}
Event: 8598.500 GC heap after
{Heap after GC invocations=34 (full 0):
 garbage-first heap   total 149504K, used 63481K [0x0000000082800000, 0x0000000100000000)
  region size 1024K, 5 young (5120K), 5 survivors (5120K)
 Metaspace       used 95646K, committed 96576K, reserved 1179648K
  class space    used 12399K, committed 12864K, reserved 1048576K
}
Event: 9059.590 GC heap before
{Heap before GC invocations=34 (full 0):
 garbage-first heap   total 149504K, used 133113K [0x0000000082800000, 0x0000000100000000)
  region size 1024K, 73 young (74752K), 5 survivors (5120K)
 Metaspace       used 96838K, committed 97920K, reserved 1179648K
  class space    used 12492K, committed 13056K, reserved 1048576K
}
Event: 9059.621 GC heap after
{Heap after GC invocations=35 (full 0):
 garbage-first heap   total 149504K, used 58029K [0x0000000082800000, 0x0000000100000000)
  region size 1024K, 5 young (5120K), 5 survivors (5120K)
 Metaspace       used 96838K, committed 97920K, reserved 1179648K
  class space    used 12492K, committed 13056K, reserved 1048576K
}
Event: 10518.709 GC heap before
{Heap before GC invocations=35 (full 0):
 garbage-first heap   total 149504K, used 132781K [0x0000000082800000, 0x0000000100000000)
  region size 1024K, 78 young (79872K), 5 survivors (5120K)
 Metaspace       used 97885K, committed 99008K, reserved 1179648K
  class space    used 12557K, committed 13120K, reserved 1048576K
}
Event: 10518.779 GC heap after
{Heap after GC invocations=36 (full 0):
 garbage-first heap   total 149504K, used 58189K [0x0000000082800000, 0x0000000100000000)
  region size 1024K, 5 young (5120K), 5 survivors (5120K)
 Metaspace       used 97885K, committed 99008K, reserved 1179648K
  class space    used 12557K, committed 13120K, reserved 1048576K
}

